commit ca95bef02e204d587cff449a4c703c8166c9a3d1
Author: Azaam Jamil <azaamjam@cs.utexas.edu>
Date:   Thu Feb 2 17:22:08 2017 -0600

    Updated Test File

commit 09394916923d0ec31a6612ea1be52844896514a5
Author: Azaam Jamil <azaamjam@cs.utexas.edu>
Date:   Wed Feb 1 19:12:07 2017 -0600

    Updated log

commit bafd570f5aa15a028c5b765ff0bd3d5fd9ab8bf0
Author: Azaam Jamil <azaamjam@cs.utexas.edu>
Date:   Wed Feb 1 19:09:54 2017 -0600

    Completed coverage and added more Unit Tests

commit e2e0211ef0a9acbc95ea5631af4abb17bd0cc872
Author: Azaam Jamil <azaamjam@cs.utexas.edu>
Date:   Wed Feb 1 18:20:20 2017 -0600

    Added more Test Cases

commit 0b1063b0a1e34aa7b524cd6aeeb635ca6abe3854
Merge: 73e67f7 c5a6ace
Author: Azaam Jamil <azaamjam@cs.utexas.edu>
Date:   Tue Jan 31 19:21:29 2017 -0600

    Merge branch 'master' of https://github.com/azaamjamil/cs329e-collatz
    
    I want to fix this

commit 73e67f7334b09e77295dd0ce032cbdef127804c1
Author: Azaam Jamil <azaamjam@cs.utexas.edu>
Date:   Tue Jan 31 19:10:00 2017 -0600

    Outputted into RunCollatz.out

commit 7d02863ab9a37719eac36f07984fb649a392faa0
Author: Azaam Jamil <azaamjamil@gmail.com>
Date:   Tue Jan 31 18:48:18 2017 -0600

    Removed a few files from dev

commit c5a6aceb53d25803f0f26da4a3119a0492c80261
Author: Azaam Jamil <azaamjamil@gmail.com>
Date:   Tue Jan 31 18:47:29 2017 -0600

    Removed a few files

commit 23b65b4e6350f6ffd2e03eaa0932b7a7f94a56ef
Author: Azaam Jamil <azaamjamil@gmail.com>
Date:   Tue Jan 31 18:31:52 2017 -0600

    Optimized and Completed

commit 669e79f7d644404e90fddecd871c730f3f6d9160
Author: Azaam Jamil <azaamjam@cs.utexas.edu>
Date:   Mon Jan 30 19:07:12 2017 -0600

    Fixed Exceptions for SPOJ

commit a700952bf1e910c5c7a77aa0a85468902be05c56
Author: Azaam Jamil <azaamjam@cs.utexas.edu>
Date:   Mon Jan 30 17:48:05 2017 -0600

    SphereCollatz

commit 5c37d5d71ba39105dc2aba1441c1247051045ae5
Author: Azaam Jamil <azaamjam@cs.utexas.edu>
Date:   Mon Jan 30 16:01:43 2017 -0600

    More Tests

commit 696208356405ac4fc50377b28c8b68b2ef04b4be
Author: Azaam Jamil <azaamjam@cs.utexas.edu>
Date:   Fri Jan 27 16:35:07 2017 -0600

    Fixed Unit Tests and now we get failures as expected

commit afdcf9af654ef610f9e1a59694daa1765f0ebe27
Author: Azaam Jamil <azaamjamil@gmail.com>
Date:   Fri Jan 27 15:37:03 2017 -0600

    Travis Test 5

commit 6b0c996b3ca4956271e47e8855cd1539f64b580f
Author: Azaam Jamil <azaamjamil@gmail.com>
Date:   Fri Jan 27 15:30:15 2017 -0600

    Travis Test 4

commit 14a641b2c969c6889b98580e6720a57fe3d68a90
Author: Azaam Jamil <azaamjamil@gmail.com>
Date:   Fri Jan 27 14:36:37 2017 -0600

    Travis Test 3

commit 551508358be0d095dce5b824d70e6a31f0c71052
Author: Azaam Jamil <azaamjamil@gmail.com>
Date:   Fri Jan 27 14:30:28 2017 -0600

    Travis Test 2

commit c43442804a412ae28b7dd87fcdac2a6bc1374a5b
Author: Azaam Jamil <azaamjamil@gmail.com>
Date:   Fri Jan 27 14:28:01 2017 -0600

    Travis Test

commit 17498b5a53a880c589caeca21a4ef86d192b8f62
Author: Azaam Jamil <azaamjamil@gmail.com>
Date:   Thu Jan 26 13:57:40 2017 -0600

    Testing branches

commit 31ec8c751c882082f3b9c3fe34abbb68b6593217
Author: Azaam Jamil <azaamjamil@gmail.com>
Date:   Thu Jan 26 13:54:03 2017 -0600

    Testing for master branch

commit 65ceb908a94297b5072015dc23f15d188645fa66
Author: Azaam Jamil <azaamjamil@gmail.com>
Date:   Thu Jan 26 13:51:12 2017 -0600

    Initial Commit
